
  [4;36;1mSQL (0.1ms)[0m   [0;1mSET NAMES 'utf8'[0m
  [4;35;1mSQL (0.1ms)[0m   [0mSET SQL_AUTO_IS_NULL=0[0m


Processing Rails::InfoController#properties (for 127.0.0.1 at 2010-08-29 08:15:53) [GET]
  [4;36;1mSQL (0.4ms)[0m   [0;1mSHOW TABLES[0m
Completed in 14ms (View: 2, DB: 1) | 200 OK [http://localhost/rails/info/properties]
  [4;36;1mSQL (0.2ms)[0m   [0;1mSET NAMES 'utf8'[0m
  [4;35;1mSQL (0.1ms)[0m   [0mSET SQL_AUTO_IS_NULL=0[0m
  [4;36;1mSQL (0.4ms)[0m   [0;1mSHOW TABLES[0m
  [4;35;1mSQL (128.5ms)[0m   [0mCREATE TABLE `schema_migrations` (`version` varchar(255) NOT NULL) ENGINE=InnoDB[0m
  [4;36;1mSQL (314.7ms)[0m   [0;1mCREATE UNIQUE INDEX `unique_schema_migrations` ON `schema_migrations` (`version`)[0m
  [4;35;1mSQL (0.5ms)[0m   [0mSHOW TABLES[0m
  [4;36;1mSQL (0.3ms)[0m   [0;1mSELECT version FROM schema_migrations[0m
Migrating to CreateLanguages (20100829012712)
  [4;35;1mSQL (102.7ms)[0m   [0mCREATE TABLE `languages` (`id` int(11) DEFAULT NULL auto_increment PRIMARY KEY, `name` varchar(255), `local` varchar(255), `created_at` datetime, `updated_at` datetime) ENGINE=InnoDB[0m
  [4;36;1mSQL (0.7ms)[0m   [0;1mINSERT INTO schema_migrations (version) VALUES ('20100829012712')[0m
Migrating to CreateNames (20100829012751)
  [4;35;1mSQL (117.5ms)[0m   [0mCREATE TABLE `names` (`id` int(11) DEFAULT NULL auto_increment PRIMARY KEY, `script` varchar(255), `latin` varchar(255), `normalized` varchar(255), `language_id` int(11), `created_at` datetime, `updated_at` datetime) ENGINE=InnoDB[0m
  [4;36;1mSQL (0.8ms)[0m   [0;1mINSERT INTO schema_migrations (version) VALUES ('20100829012751')[0m
  [4;35;1mSQL (0.4ms)[0m   [0mSHOW TABLES[0m
  [4;36;1mSQL (0.2ms)[0m   [0;1mSELECT version FROM schema_migrations[0m
  [4;35;1mSQL (0.3ms)[0m   [0mSHOW TABLES[0m
  [4;36;1mSQL (50.3ms)[0m   [0;1mSHOW FIELDS FROM `languages`[0m
  [4;35;1mSQL (1.8ms)[0m   [0mdescribe `languages`[0m
  [4;36;1mSQL (0.5ms)[0m   [0;1mSHOW KEYS FROM `languages`[0m
  [4;35;1mSQL (14.3ms)[0m   [0mSHOW FIELDS FROM `names`[0m
  [4;36;1mSQL (3.2ms)[0m   [0;1mdescribe `names`[0m
  [4;35;1mSQL (2.6ms)[0m   [0mSHOW KEYS FROM `names`[0m
